[debug] [2022-03-23T02:48:21.262Z] ----------------------------------------------------------------------
[debug] [2022-03-23T02:48:21.264Z] Command:       C:\Program Files (x86)\nodejs\node.exe C:\Users\2mn3r\AppData\Roaming\npm\node_modules\firebase-tools\lib\bin\firebase.js init
[debug] [2022-03-23T02:48:21.264Z] CLI Version:   10.4.2
[debug] [2022-03-23T02:48:21.265Z] Platform:      win32
[debug] [2022-03-23T02:48:21.265Z] Node Version:  v14.18.0
[debug] [2022-03-23T02:48:21.266Z] Time:          Wed Mar 23 2022 11:48:21 GMT+0900 (日本標準時)
[debug] [2022-03-23T02:48:21.266Z] ----------------------------------------------------------------------
[debug] 
[debug] [2022-03-23T02:48:21.275Z] > command requires scopes: ["email","openid","https://www.googleapis.com/auth/cloudplatformprojects.readonly","https://www.googleapis.com/auth/firebase","https://www.googleapis.com/auth/cloud-platform"]
[debug] [2022-03-23T02:48:21.275Z] > authorizing via signed-in user (2mn3rsy@gmail.com)
[info] 
     ######## #### ########  ######## ########     ###     ######  ########
     ##        ##  ##     ## ##       ##     ##  ##   ##  ##       ##
     ######    ##  ########  ######   ########  #########  ######  ######
     ##        ##  ##    ##  ##       ##     ## ##     ##       ## ##
     ##       #### ##     ## ######## ########  ##     ##  ######  ########

You're about to initialize a Firebase project in this directory:

  C:\env\typescript-workspace\movie-review-site

Before we get started, keep in mind:

  * You are currently outside your home directory

[info] 
=== Project Setup
[info] 
[info] First, let's associate this project directory with a Firebase project.
[info] You can create multiple project aliases by running firebase use --add, 
[info] but for now we'll just set up a default project.
[info] 
[debug] [2022-03-23T02:52:20.258Z] >>> [apiv2][query] GET https://firebase.googleapis.com/v1beta1/projects pageSize=100
[debug] [2022-03-23T02:52:21.015Z] <<< [apiv2][status] GET https://firebase.googleapis.com/v1beta1/projects 200
[debug] [2022-03-23T02:52:21.015Z] <<< [apiv2][body] GET https://firebase.googleapis.com/v1beta1/projects [omitted]
[info] i  Using project movie-site-project-e9432 (movie-site-project) 
[info] 
=== Hosting Setup
[info] 
[info] Your public directory is the folder (relative to your project directory) that
[info] will contain Hosting assets to be uploaded with firebase deploy. If you
[info] have a build process for your assets, use your build's output directory.
[info] 
